<?xml version="1.0" encoding="UTF-8"?>
<!-- Generated by org.testng.reporters.JUnitReportReporter -->
<testsuite hostname="DESKTOP-QNHJ5Q7" name="amazon.AmazonLogin" tests="1" failures="0" timestamp="29 Nov 2022 06:50:23 GMT" time="10.412" errors="0">
  <testcase name="verifylogin" time="10.412" classname="amazon.AmazonLogin"/>
</testsuite> <!-- amazon.AmazonLogin -->
