<?xml version="1.0" encoding="UTF-8"?>
<!-- Generated by org.testng.reporters.JUnitReportReporter -->
<testsuite hostname="DESKTOP-QNHJ5Q7" name="datadriven.LoginTest" tests="4" failures="0" timestamp="7 Dec 2022 06:23:58 GMT" time="39.301" errors="0">
  <testcase name="verifyLoginWithInValidUser" time="9.751" classname="datadriven.LoginTest"/>
  <testcase name="verifyLoginWithInValidUser" time="9.856" classname="datadriven.LoginTest"/>
  <testcase name="verifyLoginWithInValidUser" time="9.902" classname="datadriven.LoginTest"/>
  <testcase name="verifyLoginWithInValidUser" time="9.792" classname="datadriven.LoginTest"/>
</testsuite> <!-- datadriven.LoginTest -->
