<?xml version="1.0" encoding="UTF-8"?>
<!-- Generated by org.testng.reporters.JUnitReportReporter -->
<testsuite hostname="DESKTOP-QNHJ5Q7" name="ExcelFileExample.RegisterStudentExcelTest" tests="1" failures="0" timestamp="7 Dec 2022 07:23:25 GMT" time="199.950" errors="0">
  <testcase name="RegistrationDataDrivernTest" time="199.950" classname="ExcelFileExample.RegisterStudentExcelTest"/>
</testsuite> <!-- ExcelFileExample.RegisterStudentExcelTest -->
