<?xml version="1.0" encoding="UTF-8"?>
<!-- Generated by org.testng.reporters.JUnitReportReporter -->
<testsuite hostname="DESKTOP-QNHJ5Q7" name="ExtenReportExample.ExtentReport" tests="2" failures="0" timestamp="6 Dec 2022 06:31:35 GMT" time="0.022" errors="0">
  <testcase name="verifyApplicationLogo" time="0.021" classname="ExtenReportExample.ExtentReport"/>
  <testcase name="verifyApplicationTitle" time="0.001" classname="ExtenReportExample.ExtentReport"/>
</testsuite> <!-- ExtenReportExample.ExtentReport -->
