<?xml version="1.0" encoding="UTF-8"?>
<!-- Generated by org.testng.reporters.JUnitReportReporter -->
<testsuite hostname="DESKTOP-QNHJ5Q7" name="amazon.DragDrop" tests="1" failures="0" timestamp="2 Dec 2022 06:54:50 GMT" time="0.948" errors="0">
  <testcase name="verifyRightClickTest" time="0.948" classname="amazon.DragDrop"/>
</testsuite> <!-- amazon.DragDrop -->
