<?xml version="1.0" encoding="UTF-8"?>
<!-- Generated by org.testng.reporters.JUnitReportReporter -->
<testsuite skipped="0" hostname="DESKTOP-QNHJ5Q7" name="ExcelFileExample.RegisterStudentExcelTest" tests="1" failures="0" timestamp="2022-12-08T05:00:15 PST" time="191.729" errors="0">
  <testcase name="RegistrationDataDrivernTest" time="191.729" classname="ExcelFileExample.RegisterStudentExcelTest"/>
  <system-out/>
</testsuite> <!-- ExcelFileExample.RegisterStudentExcelTest -->
